{"message":"Unauthorized request to path: /bookmark","level":"error"}
{"message":"store.bookmarks.split is not a function","level":"error"}
{"message":"id is not defined","level":"error"}
{"message":"id is not defined","level":"error"}
{"message":"Bookmark with id aba4b458-391a-466b-93bb-41dafdf64de7 not found.","level":"error"}
{"message":"logger.error(...).status is not a function","level":"error"}
{"message":"Bookmark with id aba4b458-391a-466b-93bb-41dafdf64de7 not found.","level":"error"}
{"message":"Bookmark with id 2f7fbb6c-314f-4b82-8e51-1e5e1b8c36eb deleted.","level":"info"}
{"message":"Unathorized request to path: /","level":"error"}
{"message":"Unathorized request to path: /","level":"error"}
{"message":"Unathorized request to path: /","level":"error"}
{"message":"Unathorized request to path: /bookmarks","level":"error"}
{"message":"Unathorized request to path: /","level":"error"}
{"message":"Unathorized request to path: /bookmarks","level":"error"}
{"message":"Unathorized request to path: /","level":"error"}
{"message":"Unathorized request to path: /","level":"error"}
{"message":"Unathorized request to path: /","level":"error"}
{"message":"Unathorized request to path: /","level":"error"}
{"message":"Unathorized request to path: /","level":"error"}
{"message":"Unathorized request to path: /","level":"error"}
{"message":"Bookmark with id 123456 not found.","level":"error"}
{"message":"Bookmark with id 123456 not found.","level":"error"}
{"message":"Bookmark with id 123456 not found.","level":"error"}
{"message":"Bookmark with id 123456 not found.","level":"error"}
{"message":"Bookmark with id 123456 not found.","level":"error"}
{"message":"Bookmark with id 123456 not found.","level":"error"}
{"message":"Bookmark with id 123456 not found.","level":"error"}
{"message":"Unathorized request to path: /","level":"error"}
{"message":"Unathorized request to path: /","level":"error"}
{"message":"Unathorized request to path: /","level":"error"}
{"message":"Unathorized request to path: /","level":"error"}
{"message":"Unathorized request to path: /","level":"error"}
{"message":"Unathorized request to path: /","level":"error"}
{"message":"Unathorized request to path: /","level":"error"}
{"message":"Unathorized request to path: /","level":"error"}
{"message":"Unathorized request to path: /","level":"error"}
{"message":"Bookmark with id 123456 not found.","level":"error"}
{"message":"BookmarksService.deleteBookmark is not a function","level":"error"}
{"message":"Unathorized request to path: /bookmarks","level":"error"}
{"message":"Unathorized request to path: /bookmarks","level":"error"}
{"message":"Unathorized request to path: /bookmarks/2","level":"error"}
{"message":"Unathorized request to path: /bookmarks/2","level":"error"}
{"message":"Bookmark with id 123 not found.","level":"error"}
{"message":"Bookmark with id 123 not found.","level":"error"}
{"message":"BookmarksService.deleteBookmark is not a function","level":"error"}
{"message":"title is required","level":"error"}
{"message":"url is required","level":"error"}
{"message":"rating is required","level":"error"}
{"message":"Invalid rating 'invalid' supplied","level":"error"}
{"message":"Invalid url 'htp://invalid-url' supplied","level":"error"}
{"message":"Bookmark with id 1 created.","level":"info"}
{"message":"Bookmark with id 1 created.","level":"info"}
{"message":"Bookmark with id 123456 not found.","level":"error"}
{"message":"BookmarksService.deleteBookmark is not a function","level":"error"}
{"message":"Bookmark with id 123456 not found.","level":"error"}
{"message":"Bookmark with id 123456 not found.","level":"error"}
{"message":"Bookmark with id 123 not found.","level":"error"}
{"message":"Bookmark with id 123 not found.","level":"error"}
{"message":"BookmarksService.deleteBookmark is not a function","level":"error"}
{"message":"title is required","level":"error"}
{"message":"url is required","level":"error"}
{"message":"rating is required","level":"error"}
{"message":"Invalid rating 'invalid' supplied","level":"error"}
{"message":"Invalid url 'htp://invalid-url' supplied","level":"error"}
{"message":"Bookmark with id 1 created.","level":"info"}
{"message":"Bookmark with id 123456 not found.","level":"error"}
{"message":"Bookmark with id 123 not found.","level":"error"}
{"message":"Bookmark with id 123 not found.","level":"error"}
{"message":"BookmarksService.deleteBookmark is not a function","level":"error"}
{"message":"title is required","level":"error"}
{"message":"url is required","level":"error"}
{"message":"rating is required","level":"error"}
{"message":"Invalid rating 'invalid' supplied","level":"error"}
{"message":"Invalid url 'htp://invalid-url' supplied","level":"error"}
{"message":"Bookmark with id 1 created.","level":"info"}
{"message":"Bookmark with id 1 created.","level":"info"}
{"message":"Bookmark with id 123456 not found.","level":"error"}
{"message":"Bookmark with id 123 not found.","level":"error"}
{"message":"Bookmark with id 123 not found.","level":"error"}
{"message":"Bookmark with id 2 deleted.","level":"info"}
{"message":"title is required","level":"error"}
{"message":"url is required","level":"error"}
{"message":"rating is required","level":"error"}
{"message":"Invalid rating 'invalid' supplied","level":"error"}
{"message":"Invalid url 'htp://invalid-url' supplied","level":"error"}
{"message":"Bookmark with id 1 created.","level":"info"}
{"message":"Bookmark with id 1 created.","level":"info"}
{"message":"Bookmark with id 123456 not found.","level":"error"}
{"message":"Bookmark with id 123 not found.","level":"error"}
{"message":"Bookmark with id 123 not found.","level":"error"}
{"message":"Bookmark with id 2 deleted.","level":"info"}
{"message":"title is required","level":"error"}
{"message":"url is required","level":"error"}
{"message":"rating is required","level":"error"}
{"message":"Invalid rating 'invalid' supplied","level":"error"}
{"message":"Invalid url 'htp://invalid-url' supplied","level":"error"}
{"message":"Bookmark with id 1 created.","level":"info"}
{"message":"Bookmark with id 1 created.","level":"info"}
{"message":"Bookmark with id 123456 not found.","level":"error"}
{"message":"Bookmark with id 123 not found.","level":"error"}
{"message":"Bookmark with id 123 not found.","level":"error"}
{"message":"Bookmark with id 2 deleted.","level":"info"}
{"message":"title is required","level":"error"}
{"message":"url is required","level":"error"}
{"message":"rating is required","level":"error"}
{"message":"Invalid rating 'invalid' supplied","level":"error"}
{"message":"Invalid url 'htp://invalid-url' supplied","level":"error"}
{"message":"Bookmark with id 1 created.","level":"info"}
{"message":"Bookmark with id 1 created.","level":"info"}
{"message":"Bookmark with id 123456 not found.","level":"error"}
{"message":"Bookmark with id 123 not found.","level":"error"}
{"message":"Bookmark with id 123 not found.","level":"error"}
{"message":"Bookmark with id 2 deleted.","level":"info"}
{"message":"title is required","level":"error"}
{"message":"url is required","level":"error"}
{"message":"rating is required","level":"error"}
{"message":"Invalid rating 'invalid' supplied","level":"error"}
{"message":"Invalid url 'htp://invalid-url' supplied","level":"error"}
{"message":"Bookmark with id 1 created.","level":"info"}
{"message":"Bookmark with id 1 created.","level":"info"}
{"message":"title is required","level":"error"}
{"message":"url is required","level":"error"}
{"message":"rating is required","level":"error"}
{"message":"Invalid rating 'invalid' supplied","level":"error"}
{"message":"Invalid url 'htp://invalid-url' supplied","level":"error"}
{"message":"Bookmark with id 1 created.","level":"info"}
{"message":"Bookmark with id 1 created.","level":"info"}
{"message":"title is required","level":"error"}
{"message":"url is required","level":"error"}
{"message":"rating is required","level":"error"}
{"message":"Invalid rating 'invalid' supplied","level":"error"}
{"message":"Invalid url 'htp://invalid-url' supplied","level":"error"}
{"message":"Bookmark with id 1 created.","level":"info"}
{"message":"Bookmark with id 1 created.","level":"info"}
{"message":"Bookmark with id 123456 not found.","level":"error"}
{"message":"Bookmark with id 123 not found.","level":"error"}
{"message":"Bookmark with id 123 not found.","level":"error"}
{"message":"Bookmark with id 2 deleted.","level":"info"}
{"message":"title is required","level":"error"}
{"message":"url is required","level":"error"}
{"message":"rating is required","level":"error"}
{"message":"Invalid rating 'invalid' supplied","level":"error"}
{"message":"Invalid url 'htp://invalid-url' supplied","level":"error"}
{"message":"Bookmark with id 1 created.","level":"info"}
{"message":"Bookmark with id 1 created.","level":"info"}
{"message":"Unathorized request to path: /api/bookmarks/123456","level":"error"}
{"message":"Bookmark with id 123456 not found.","level":"error"}
{"message":"Bookmark with id 123456 not found.","level":"error"}
{"message":"Bookmark with id 123456 not found.","level":"error"}
{"message":"Bookmark with id 123456 not found.","level":"error"}
{"message":"Bookmark with id 123456 not found.","level":"error"}
{"message":"Bookmark with id 123456 not found.","level":"error"}
{"message":"Bookmark with id 123456 not found.","level":"error"}
{"message":"Bookmark with id 123456 not found.","level":"error"}
{"message":"Bookmark with id 123456 not found.","level":"error"}
{"message":"Bookmark with id 123456 not found.","level":"error"}
{"message":"\"bookmarks\".where is not a function","level":"error"}
{"message":"Bookmark with id 123456 not found.","level":"error"}
{"message":"\"bookmarks\".where is not a function","level":"error"}
{"message":"Bookmark with id 123456 not found.","level":"error"}
{"message":"Bookmark with id 123456 not found.","level":"error"}
{"message":"update \"bookmarks\" set \"rating\" = $1 where \"id\" = $2 - invalid input value for enum star_rating: \"invalid\"","level":"error"}
{"message":"Bookmark with id 123456 not found.","level":"error"}
{"message":"update \"bookmarks\" set \"rating\" = $1 where \"id\" = $2 - invalid input value for enum star_rating: \"invalid\"","level":"error"}
{"message":"Bookmark with id 123456 not found.","level":"error"}
{"message":"update \"bookmarks\" set \"rating\" = $1 where \"id\" = $2 - invalid input value for enum star_rating: \"invalid\"","level":"error"}
{"message":"Bookmark with id 123456 not found.","level":"error"}
{"message":"Invalid rating 'invalid supplied","level":"error"}
{"message":"Invalid url 'htp://invalid-url' supplied","level":"error"}
{"message":"Bookmark with id 123456 not found.","level":"error"}
{"message":"Invalid rating 'invalid supplied","level":"error"}
{"message":"Invalid url 'htp://invalid-url' supplied","level":"error"}
{"message":"Bookmark with id 123456 not found.","level":"error"}
{"message":"Invalid rating 'invalid supplied","level":"error"}
{"message":"Invalid url 'htp://invalid-url' supplied","level":"error"}
